Build started 20.12.2015 20:48:39.
     1>Project "C:\Users\ZORG\Documents\GitHub\mp2-lab3-lists-stack\sln\lab3_postfix\tests\tests.vcxproj" on node 3 (rebuild target(s)).
     1>_PrepareForClean:
         Deleting file "Debug\tests.lastbuildstate".
       InitializeBuildStatus:
         Touching "Debug\tests.unsuccessfulbuild".
       ClCompile:
         D:\Program\vs10\VC\bin\CL.exe /c /I../../../include /I../../../gtest /ZI /nologo /W3 /WX- /Od /Oy- /D WIN32 /D _DEBUG /D _CONSOLE /D _UNICODE /D UNICODE /Gm /EHsc /RTC1 /MDd /GS /fp:precise /Zc:wchar_t /Zc:forScope /Fo"Debug\\" /Fd"Debug\vc100.pdb" /Gd /TP /analyze- /errorReport:prompt ..\..\..\tests\test_list.cpp ..\..\..\tests\test_main.cpp ..\..\..\tests\test_stack.cpp
         test_stack.cpp
         test_main.cpp
         test_list.cpp
         Generating Code...
       ManifestResourceCompile:
         C:\Program Files (x86)\Microsoft SDKs\Windows\v7.0A\bin\rc.exe /nologo /fo"Debug\tests.exe.embed.manifest.res" Debug\tests_manifest.rc 
       Link:
         D:\Program\vs10\VC\bin\link.exe /ERRORREPORT:PROMPT /OUT:"C:\Users\ZORG\Documents\GitHub\mp2-lab3-lists-stack\sln\lab3_postfix\Debug\tests.exe" /INCREMENTAL /NOLOGO /LIBPATH:../Debug kernel32.lib user32.lib gdi32.lib winspool.lib comdlg32.lib advapi32.lib shell32.lib ole32.lib oleaut32.lib uuid.lib odbc32.lib odbccp32.lib /MANIFEST /ManifestFile:"Debug\tests.exe.intermediate.manifest" /MANIFESTUAC:"level='asInvoker' uiAccess='false'" /DEBUG /PDB:"C:\Users\ZORG\Documents\GitHub\mp2-lab3-lists-stack\sln\lab3_postfix\Debug\tests.pdb" /SUBSYSTEM:CONSOLE /TLBID:1 /DYNAMICBASE /NXCOMPAT /IMPLIB:"C:\Users\ZORG\Documents\GitHub\mp2-lab3-lists-stack\sln\lab3_postfix\Debug\tests.lib" /MACHINE:X86 Debug\tests.exe.embed.manifest.res
         Debug\test_list.obj
         Debug\test_main.obj
         Debug\test_stack.obj
         "C:\Users\ZORG\Documents\GitHub\mp2-lab3-lists-stack\sln\lab3_postfix\Debug\gtest.lib"
         "C:\Users\ZORG\Documents\GitHub\mp2-lab3-lists-stack\sln\lab3_postfix\Debug\postfix_lib.lib"
     1>LINK : fatal error LNK1123: failure during conversion to COFF: file invalid or corrupt
     1>Done Building Project "C:\Users\ZORG\Documents\GitHub\mp2-lab3-lists-stack\sln\lab3_postfix\tests\tests.vcxproj" (rebuild target(s)) -- FAILED.

Build FAILED.

Time Elapsed 00:00:01.82
